<?xml version="1.0" encoding="UTF-8"?>
<!-- Generated by org.testng.reporters.JUnitReportReporter -->
<testsuite hostname="Teja" failures="0" tests="1" name="Runner.Runnerclass" time="7.072" errors="0" timestamp="18 May 2023 06:18:09 GMT" skipped="0">
  <testcase classname="Runner.Runnerclass" name="feature" time="7.072"/>
</testsuite> <!-- Runner.Runnerclass -->
